<?xml version="1.0" encoding="UTF-8"?>
<!-- Generated by org.testng.reporters.JUnitXMLReporter -->
<testsuite ignored="0" hostname="LTIN228261" failures="0" tests="3" name="NewTest1" time="0.092" errors="0" timestamp="2024-01-17T10:41:33 IST">
  <testcase classname="selenium.testNG.NewTest1" name="test1" time="0.011"/>
  <testcase classname="selenium.testNG.NewTest1" name="test2" time="0.002"/>
  <testcase classname="selenium.testNG.NewTest1" name="test" time="0.001"/>
</testsuite> <!-- NewTest1 -->
