<?xml version="1.0" encoding="UTF-8"?>
<!-- Generated by org.testng.reporters.JUnitXMLReporter -->
<testsuite ignored="6" hostname="LTIN228261" failures="0" tests="3" name="Grouping_Test" time="0.113" errors="0" timestamp="2024-01-18T09:48:36 IST">
  <testcase classname="selenium.testNG.Grouping" name="LoginByFacebook" time="0.015"/>
  <testcase classname="selenium.testNG.Grouping" name="LoginByTwitter" time="0.002"/>
  <testcase classname="selenium.testNG.Grouping" name="PaymentinRupees" time="0.009"/>
  <testcase classname="selenium.testNG.Grouping" name="LoginByEmail" time="0.0">
    <ignored/>
  </testcase> <!-- LoginByEmail -->
  <testcase classname="selenium.testNG.Grouping" name="PaymentinDollar" time="0.0">
    <ignored/>
  </testcase> <!-- PaymentinDollar -->
  <testcase classname="selenium.testNG.Grouping" name="SignUpByTwitter" time="0.0">
    <ignored/>
  </testcase> <!-- SignUpByTwitter -->
  <testcase classname="selenium.testNG.Grouping" name="SignUpByFacebook" time="0.0">
    <ignored/>
  </testcase> <!-- SignUpByFacebook -->
  <testcase classname="selenium.testNG.Grouping" name="PaymentReturnbyBank" time="0.0">
    <ignored/>
  </testcase> <!-- PaymentReturnbyBank -->
  <testcase classname="selenium.testNG.Grouping" name="SignUpByEmail" time="0.0">
    <ignored/>
  </testcase> <!-- SignUpByEmail -->
</testsuite> <!-- Grouping_Test -->
