<?xml version="1.0" encoding="UTF-8"?>
<testng-results ignored="0" total="2" passed="2" failed="0" skipped="0">
  <reporter-output>
  </reporter-output>
  <suite started-at="2024-01-23T15:26:28 IST" name="Default suite" finished-at="2024-01-23T15:26:28 IST" duration-ms="472">
    <groups>
    </groups>
    <test started-at="2024-01-23T15:26:28 IST" name="Default test" finished-at="2024-01-23T15:26:28 IST" duration-ms="472">
      <class name="selenium.TestNGListeners.Listener">
        <test-method is-config="true" signature="test3()[pri:0, instance:selenium.TestNGListeners.Listener@3fc2959f]" started-at="2024-01-23T15:26:28 IST" name="test3" finished-at="2024-01-23T15:26:28 IST" duration-ms="17" status="PASS">
          <reporter-output>
          </reporter-output>
        </test-method> <!-- test3 -->
        <test-method signature="test11()[pri:0, instance:selenium.TestNGListeners.Listener@3fc2959f]" started-at="2024-01-23T15:26:28 IST" name="test11" finished-at="2024-01-23T15:26:28 IST" duration-ms="8" status="PASS">
          <reporter-output>
          </reporter-output>
        </test-method> <!-- test11 -->
        <test-method signature="test2()[pri:0, instance:selenium.TestNGListeners.Listener@3fc2959f]" started-at="2024-01-23T15:26:28 IST" name="test2" finished-at="2024-01-23T15:26:28 IST" depends-on-methods="selenium.TestNGListeners.Listener.test11" duration-ms="1" status="PASS">
          <reporter-output>
          </reporter-output>
        </test-method> <!-- test2 -->
        <test-method is-config="true" signature="test1()[pri:0, instance:selenium.TestNGListeners.Listener@3fc2959f]" started-at="2024-01-23T15:26:28 IST" name="test1" finished-at="2024-01-23T15:26:28 IST" duration-ms="1" status="PASS">
          <reporter-output>
          </reporter-output>
        </test-method> <!-- test1 -->
      </class> <!-- selenium.TestNGListeners.Listener -->
    </test> <!-- Default test -->
  </suite> <!-- Default suite -->
</testng-results>
